<?xml version="1.0" encoding="UTF-8"?>
<testsuite xmlns:xsi="http://www.w3.org/2001/XMLSchema-instance" xsi:noNamespaceSchemaLocation="https://maven.apache.org/surefire/maven-surefire-plugin/xsd/surefire-test-report-3.0.xsd" version="3.0" name="RunCucumberTest" time="0.857" tests="2" errors="1" skipped="0" failures="0">
  <properties>
[...]
</properties>
  <testcase name="Happy path — validar beneficiário com nome válido" classname="Beneficiary Validation" time="0.534">
    <error type="java.lang.NullPointerException"><![CDATA[java.lang.NullPointerException
	at BeneficiarySteps.a_validação_do_beneficiário_é_executada(BeneficiarySteps.java:29)
	at ✽.a validação do beneficiário é executada(classpath:bdd/features/lab11.feature:8)
]]></error>
    <system-out><![CDATA[
Scenario: Happy path — validar beneficiário com nome válido  &amp#27;[90m# bdd/features/lab11.feature:7&amp#27;[0m
  &amp#27;[31mGiven &amp#27;[0m&amp#27;[31ma validação do beneficiário é executada&amp#27;[0m              &amp#27;[90m# BeneficiarySteps.a_validação_do_beneficiário_é_executada()&amp#27;[0m
      &amp#27;[31mjava.lang.NullPointerException
	at BeneficiarySteps.a_validação_do_beneficiário_é_executada(BeneficiarySteps.java:29)
	at ✽.a validação do beneficiário é executada(classpath:bdd/features/lab11.feature:8)
&amp#27;[0m
  &amp#27;[36mWhen &amp#27;[0m&amp#27;[36mque existe um beneficiário com nome "Pedrinho" e id 1&amp#27;[0m
  &amp#27;[36mThen &amp#27;[0m&amp#27;[36mo beneficiário deve ficar validado&amp#27;[0m                    &amp#27;[90m# BeneficiarySteps.o_beneficiário_deve_ficar_validado()&amp#27;[0m
  &amp#27;[36mAnd &amp#27;[0m&amp#27;[36mo histórico deve conter &amp#27;[0m&amp#27;[36m&amp#27;[1m1&amp#27;[0m&amp#27;[36m registo&amp#27;[0m                      &amp#27;[90m# BeneficiarySteps.o_histórico_deve_conter_registo(java.lang.Integer)&amp#27;[0m
  &amp#27;[36mAnd &amp#27;[0m&amp#27;[36mos logs devem conter &amp#27;[0m&amp#27;[36m&amp#27;[1m1&amp#27;[0m&amp#27;[36m entrada&amp#27;[0m                         &amp#27;[90m# BeneficiarySteps.os_logs_devem_conter_entrada(java.lang.Integer)&amp#27;[0m
]]></system-out>
  </testcase>
  <testcase name="Negative path — rejeitar beneficiário sem nome" classname="Beneficiary Validation" time="0.166">
    <system-out><![CDATA[
Scenario: Negative path — rejeitar beneficiário sem nome &amp#27;[90m# bdd/features/lab11.feature:14&amp#27;[0m
  &amp#27;[32mGiven &amp#27;[0m&amp#27;[32mque existe um beneficiário com nome &amp#27;[0m&amp#27;[32m&amp#27;[1m""&amp#27;[0m           &amp#27;[90m# BeneficiarySteps.que_existe_um_beneficiário_com_nome(java.lang.String)&amp#27;[0m
  &amp#27;[32mWhen &amp#27;[0m&amp#27;[32ma validação do beneficiário é executada&amp#27;[0m           &amp#27;[90m# BeneficiarySteps.a_validação_do_beneficiário_é_executada()&amp#27;[0m
  &amp#27;[32mThen &amp#27;[0m&amp#27;[32ma validação deve falhar&amp#27;[0m                           &amp#27;[90m# BeneficiarySteps.a_validação_deve_falhar()&amp#27;[0m
  &amp#27;[32mAnd &amp#27;[0m&amp#27;[32mos logs devem conter &amp#27;[0m&amp#27;[32m&amp#27;[1m1&amp#27;[0m&amp#27;[32m entrada&amp#27;[0m                     &amp#27;[90m# BeneficiarySteps.os_logs_devem_conter_entrada(java.lang.Integer)&amp#27;[0m
]]></system-out>
  </testcase>
</testsuite>