<?xml version="1.0" encoding="UTF-8"?>
<testsuite xmlns:xsi="http://www.w3.org/2001/XMLSchema-instance" xsi:noNamespaceSchemaLocation="https://maven.apache.org/surefire/maven-surefire-plugin/xsd/surefire-test-report-3.0.xsd" version="3.0" name="RunLab13CucumberTest" time="0.624" tests="4" errors="0" skipped="0" failures="0">
  <properties>
[...]
</properties>
  <testcase name="Happy path — validar beneficiário existente" classname="Beneficiary Validation and Audit" time="0.282">
    <system-out><![CDATA[
Scenario: Happy path — validar beneficiário existente   &amp#27;[90m# bdd/features/lab13.feature:7&amp#27;[0m
  &amp#27;[32mGiven &amp#27;[0m&amp#27;[32mque o repositório de beneficiários está vazio&amp#27;[0m   &amp#27;[90m# BeneficiaryLab13Steps.que_o_repositorio_de_beneficiarios_esta_vazio()&amp#27;[0m
  &amp#27;[32mAnd &amp#27;[0m&amp#27;[32mexiste um beneficiário com id &amp#27;[0m&amp#27;[32m&amp#27;[1m1&amp#27;[0m&amp#27;[32m e nome &amp#27;[0m&amp#27;[32m&amp#27;[1m"João"&amp#27;[0m     &amp#27;[90m# BeneficiaryLab13Steps.existe_um_beneficiario_com_id_e_nome(java.lang.Integer,java.lang.String)&amp#27;[0m
  &amp#27;[32mWhen &amp#27;[0m&amp#27;[32ma validação do beneficiário com id &amp#27;[0m&amp#27;[32m&amp#27;[1m1&amp#27;[0m&amp#27;[32m é executada&amp#27;[0m &amp#27;[90m# BeneficiaryLab13Steps.a_validacao_do_beneficiario_com_id_e_executada(java.lang.Integer)&amp#27;[0m
  &amp#27;[32mThen &amp#27;[0m&amp#27;[32ma validação deve ser concluída com sucesso&amp#27;[0m       &amp#27;[90m# BeneficiaryLab13Steps.a_validacao_deve_ser_concluida_com_sucesso()&amp#27;[0m
  &amp#27;[32mAnd &amp#27;[0m&amp#27;[32mo histórico deve conter &amp#27;[0m&amp#27;[32m&amp#27;[1m1&amp#27;[0m&amp#27;[32m registo&amp#27;[0m                 &amp#27;[90m# BeneficiaryLab13Steps.o_historico_deve_conter_registo(java.lang.Integer)&amp#27;[0m
  &amp#27;[32mAnd &amp#27;[0m&amp#27;[32mos logs devem conter &amp#27;[0m&amp#27;[32m&amp#27;[1m1&amp#27;[0m&amp#27;[32m entrada&amp#27;[0m                    &amp#27;[90m# BeneficiaryLab13Steps.os_logs_devem_conter_entrada(java.lang.Integer)&amp#27;[0m
]]></system-out>
  </testcase>
  <testcase name="Negative path — rejeitar beneficiário com nome vazio" classname="Beneficiary Validation and Audit" time="0.049">
    <system-out><![CDATA[
Scenario: Negative path — rejeitar beneficiário com nome vazio &amp#27;[90m# bdd/features/lab13.feature:16&amp#27;[0m
  &amp#27;[32mGiven &amp#27;[0m&amp#27;[32mque o repositório de beneficiários está vazio&amp#27;[0m          &amp#27;[90m# BeneficiaryLab13Steps.que_o_repositorio_de_beneficiarios_esta_vazio()&amp#27;[0m
  &amp#27;[32mAnd &amp#27;[0m&amp#27;[32mexiste um beneficiário com id &amp#27;[0m&amp#27;[32m&amp#27;[1m2&amp#27;[0m&amp#27;[32m e nome &amp#27;[0m&amp#27;[32m&amp#27;[1m""&amp#27;[0m                &amp#27;[90m# BeneficiaryLab13Steps.existe_um_beneficiario_com_id_e_nome(java.lang.Integer,java.lang.String)&amp#27;[0m
  &amp#27;[32mWhen &amp#27;[0m&amp#27;[32ma validação do beneficiário com id &amp#27;[0m&amp#27;[32m&amp#27;[1m2&amp#27;[0m&amp#27;[32m é executada&amp#27;[0m        &amp#27;[90m# BeneficiaryLab13Steps.a_validacao_do_beneficiario_com_id_e_executada(java.lang.Integer)&amp#27;[0m
  &amp#27;[32mThen &amp#27;[0m&amp#27;[32ma validação deve falhar&amp#27;[0m                                 &amp#27;[90m# BeneficiaryLab13Steps.a_validacao_deve_falhar()&amp#27;[0m
  &amp#27;[32mAnd &amp#27;[0m&amp#27;[32mo histórico deve conter &amp#27;[0m&amp#27;[32m&amp#27;[1m0&amp#27;[0m&amp#27;[32m registos&amp#27;[0m                       &amp#27;[90m# BeneficiaryLab13Steps.o_historico_deve_conter_registos(java.lang.Integer)&amp#27;[0m
  &amp#27;[32mAnd &amp#27;[0m&amp#27;[32mos logs devem conter &amp#27;[0m&amp#27;[32m&amp#27;[1m1&amp#27;[0m&amp#27;[32m entrada&amp#27;[0m                           &amp#27;[90m# BeneficiaryLab13Steps.os_logs_devem_conter_entrada(java.lang.Integer)&amp#27;[0m
]]></system-out>
  </testcase>
  <testcase name="Alternative flow — rejeitar id duplicado" classname="Beneficiary Validation and Audit" time="0.043">
    <system-out><![CDATA[
Scenario: Alternative flow — rejeitar id duplicado          &amp#27;[90m# bdd/features/lab13.feature:25&amp#27;[0m
  &amp#27;[32mGiven &amp#27;[0m&amp#27;[32mque o repositório de beneficiários está vazio&amp#27;[0m       &amp#27;[90m# BeneficiaryLab13Steps.que_o_repositorio_de_beneficiarios_esta_vazio()&amp#27;[0m
  &amp#27;[32mAnd &amp#27;[0m&amp#27;[32mexiste um beneficiário com id &amp#27;[0m&amp#27;[32m&amp#27;[1m3&amp#27;[0m&amp#27;[32m e nome &amp#27;[0m&amp#27;[32m&amp#27;[1m"Maria"&amp#27;[0m        &amp#27;[90m# BeneficiaryLab13Steps.existe_um_beneficiario_com_id_e_nome(java.lang.Integer,java.lang.String)&amp#27;[0m
  &amp#27;[32mWhen &amp#27;[0m&amp#27;[32mtento criar outro beneficiário com id &amp#27;[0m&amp#27;[32m&amp#27;[1m3&amp#27;[0m&amp#27;[32m e nome &amp#27;[0m&amp#27;[32m&amp#27;[1m"Ana"&amp#27;[0m &amp#27;[90m# BeneficiaryLab13Steps.tento_criar_outro_beneficiario_com_id_e_nome(java.lang.Integer,java.lang.String)&amp#27;[0m
  &amp#27;[32mThen &amp#27;[0m&amp#27;[32mo segundo beneficiário deve ser rejeitado&amp#27;[0m            &amp#27;[90m# BeneficiaryLab13Steps.o_segundo_beneficiario_deve_ser_rejeitado()&amp#27;[0m
  &amp#27;[32mAnd &amp#27;[0m&amp#27;[32mo repositório deve conter &amp#27;[0m&amp#27;[32m&amp#27;[1m1&amp#27;[0m&amp#27;[32m beneficiário&amp#27;[0m              &amp#27;[90m# BeneficiaryLab13Steps.o_repositorio_deve_conter_beneficiario(java.lang.Integer)&amp#27;[0m
]]></system-out>
  </testcase>
  <testcase name="Boundary behavior — validar beneficiário com nome de um caractere" classname="Beneficiary Validation and Audit" time="0.037">
    <system-out><![CDATA[
Scenario: Boundary behavior — validar beneficiário com nome de um caractere &amp#27;[90m# bdd/features/lab13.feature:33&amp#27;[0m
  &amp#27;[32mGiven &amp#27;[0m&amp#27;[32mque o repositório de beneficiários está vazio&amp#27;[0m                       &amp#27;[90m# BeneficiaryLab13Steps.que_o_repositorio_de_beneficiarios_esta_vazio()&amp#27;[0m
  &amp#27;[32mAnd &amp#27;[0m&amp#27;[32mexiste um beneficiário com id &amp#27;[0m&amp#27;[32m&amp#27;[1m4&amp#27;[0m&amp#27;[32m e nome &amp#27;[0m&amp#27;[32m&amp#27;[1m"A"&amp#27;[0m                            &amp#27;[90m# BeneficiaryLab13Steps.existe_um_beneficiario_com_id_e_nome(java.lang.Integer,java.lang.String)&amp#27;[0m
  &amp#27;[32mWhen &amp#27;[0m&amp#27;[32ma validação do beneficiário com id &amp#27;[0m&amp#27;[32m&amp#27;[1m4&amp#27;[0m&amp#27;[32m é executada&amp#27;[0m                     &amp#27;[90m# BeneficiaryLab13Steps.a_validacao_do_beneficiario_com_id_e_executada(java.lang.Integer)&amp#27;[0m
  &amp#27;[32mThen &amp#27;[0m&amp#27;[32ma validação deve ser concluída com sucesso&amp#27;[0m                           &amp#27;[90m# BeneficiaryLab13Steps.a_validacao_deve_ser_concluida_com_sucesso()&amp#27;[0m
  &amp#27;[32mAnd &amp#27;[0m&amp#27;[32mo histórico deve conter &amp#27;[0m&amp#27;[32m&amp#27;[1m1&amp#27;[0m&amp#27;[32m registo&amp#27;[0m                                     &amp#27;[90m# BeneficiaryLab13Steps.o_historico_deve_conter_registo(java.lang.Integer)&amp#27;[0m
]]></system-out>
  </testcase>
</testsuite>